Determining if the pthread_create exist failed with the following output:
Change Dir: /home/ubuntu/Svetlana-rtech/build/CMakeFiles/CMakeTmp

Run Build Command:"/usr/bin/make" "cmTC_136af/fast"
/usr/bin/make -f CMakeFiles/cmTC_136af.dir/build.make CMakeFiles/cmTC_136af.dir/build
make[1]: Entering directory '/home/ubuntu/Svetlana-rtech/build/CMakeFiles/CMakeTmp'
Building C object CMakeFiles/cmTC_136af.dir/CheckSymbolExists.c.o
/usr/bin/cc     -o CMakeFiles/cmTC_136af.dir/CheckSymbolExists.c.o   -c /home/ubuntu/Svetlana-rtech/build/CMakeFiles/CMakeTmp/CheckSymbolExists.c
Linking C executable cmTC_136af
/usr/bin/cmake -E cmake_link_script CMakeFiles/cmTC_136af.dir/link.txt --verbose=1
/usr/bin/cc       CMakeFiles/cmTC_136af.dir/CheckSymbolExists.c.o  -o cmTC_136af -rdynamic 
CMakeFiles/cmTC_136af.dir/CheckSymbolExists.c.o: In function `main':
CheckSymbolExists.c:(.text+0x16): undefined reference to `pthread_create'
collect2: error: ld returned 1 exit status
CMakeFiles/cmTC_136af.dir/build.make:97: recipe for target 'cmTC_136af' failed
make[1]: *** [cmTC_136af] Error 1
make[1]: Leaving directory '/home/ubuntu/Svetlana-rtech/build/CMakeFiles/CMakeTmp'
Makefile:126: recipe for target 'cmTC_136af/fast' failed
make: *** [cmTC_136af/fast] Error 2

File /home/ubuntu/Svetlana-rtech/build/CMakeFiles/CMakeTmp/CheckSymbolExists.c:
/* */
#include <pthread.h>

int main(int argc, char** argv)
{
  (void)argv;
#ifndef pthread_create
  return ((int*)(&pthread_create))[argc];
#else
  (void)argc;
  return 0;
#endif
}

Determining if the function pthread_create exists in the pthreads failed with the following output:
Change Dir: /home/ubuntu/Svetlana-rtech/build/CMakeFiles/CMakeTmp

Run Build Command:"/usr/bin/make" "cmTC_689c5/fast"
/usr/bin/make -f CMakeFiles/cmTC_689c5.dir/build.make CMakeFiles/cmTC_689c5.dir/build
make[1]: Entering directory '/home/ubuntu/Svetlana-rtech/build/CMakeFiles/CMakeTmp'
Building C object CMakeFiles/cmTC_689c5.dir/CheckFunctionExists.c.o
/usr/bin/cc    -DCHECK_FUNCTION_EXISTS=pthread_create   -o CMakeFiles/cmTC_689c5.dir/CheckFunctionExists.c.o   -c /usr/share/cmake-3.5/Modules/CheckFunctionExists.c
Linking C executable cmTC_689c5
/usr/bin/cmake -E cmake_link_script CMakeFiles/cmTC_689c5.dir/link.txt --verbose=1
/usr/bin/cc   -DCHECK_FUNCTION_EXISTS=pthread_create    CMakeFiles/cmTC_689c5.dir/CheckFunctionExists.c.o  -o cmTC_689c5 -rdynamic -lpthreads 
/usr/bin/ld: cannot find -lpthreads
collect2: error: ld returned 1 exit status
CMakeFiles/cmTC_689c5.dir/build.make:97: recipe for target 'cmTC_689c5' failed
make[1]: *** [cmTC_689c5] Error 1
make[1]: Leaving directory '/home/ubuntu/Svetlana-rtech/build/CMakeFiles/CMakeTmp'
Makefile:126: recipe for target 'cmTC_689c5/fast' failed
make: *** [cmTC_689c5/fast] Error 2


